#
# There is insufficient memory for the Java Runtime Environment to continue.
# Native memory allocation (malloc) failed to allocate 1049136 bytes. Error detail: Chunk::new
# Possible reasons:
#   The system is out of physical RAM or swap space
#   This process is running with CompressedOops enabled, and the Java Heap may be blocking the growth of the native heap
# Possible solutions:
#   Reduce memory load on the system
#   Increase physical memory or swap space
#   Check if swap backing store is full
#   Decrease Java heap size (-Xmx/-Xms)
#   Decrease number of Java threads
#   Decrease Java thread stack sizes (-Xss)
#   Set larger code cache with -XX:ReservedCodeCacheSize=
#   JVM is running with Unscaled Compressed Oops mode in which the Java heap is
#     placed in the first 4GB address space. The Java Heap base address is the
#     maximum limit for the native heap growth. Please use -XX:HeapBaseMinAddress
#     to set the Java Heap base and to place the Java Heap above 4GB virtual address.
# This output file may be truncated or incomplete.
#
#  Out of Memory Error (arena.cpp:168), pid=21240, tid=16308
#
# JRE version: OpenJDK Runtime Environment Temurin-21.0.9+10 (21.0.9+10) (build 21.0.9+10-LTS)
# Java VM: OpenJDK 64-Bit Server VM Temurin-21.0.9+10 (21.0.9+10-LTS, mixed mode, sharing, tiered, compressed oops, compressed class ptrs, parallel gc, windows-amd64)
# No core dump will be written. Minidumps are not enabled by default on client versions of Windows
#

---------------  S U M M A R Y ------------

Command Line: --add-modules=ALL-SYSTEM --add-opens=java.base/java.util=ALL-UNNAMED --add-opens=java.base/java.lang=ALL-UNNAMED --add-opens=java.base/sun.nio.fs=ALL-UNNAMED -Declipse.application=org.eclipse.jdt.ls.core.id1 -Dosgi.bundles.defaultStartLevel=4 -Declipse.product=org.eclipse.jdt.ls.core.product -Djava.import.generatesMetadataFilesAtProjectRoot=false -DDetectVMInstallationsJob.disabled=true -Dfile.encoding=utf8 -XX:+UseParallelGC -XX:GCTimeRatio=4 -XX:AdaptiveSizePolicyWeight=90 -Dsun.zip.disableMemoryMapping=true -Xmx2G -Xms100m -Xlog:disable -javaagent:c:\Users\HP\.cursor\extensions\redhat.java-1.50.0-win32-x64\lombok\lombok-1.18.39-4050.jar -XX:+HeapDumpOnOutOfMemoryError -XX:HeapDumpPath=c:\Users\HP\AppData\Roaming\Cursor\User\workspaceStorage\d0dc63e4088e6af3d588be324acc8c03\redhat.java -Daether.dependencyCollector.impl=bf c:\Users\HP\.cursor\extensions\redhat.java-1.50.0-win32-x64\server\plugins\org.eclipse.equinox.launcher_1.7.100.v20251111-0406.jar -configuration c:\Users\HP\AppData\Roaming\Cursor\User\globalStorage\redhat.java\1.50.0\config_win -data c:\Users\HP\AppData\Roaming\Cursor\User\workspaceStorage\d0dc63e4088e6af3d588be324acc8c03\redhat.java\jdt_ws --pipe=\\.\pipe\lsp-835cf502fa54c3ef1de52fbd51461119-sock

Host: 11th Gen Intel(R) Core(TM) i5-1135G7 @ 2.40GHz, 8 cores, 19G,  Windows 11 , 64 bit Build 26100 (10.0.26100.7309)
Time: Tue Dec 16 13:59:38 2025 Pakistan Standard Time elapsed time: 9.560481 seconds (0d 0h 0m 9s)

---------------  T H R E A D  ---------------

Current thread (0x000001e4615d1060):  JavaThread "C2 CompilerThread2" daemon [_thread_in_native, id=16308, stack(0x000000c14b500000,0x000000c14b600000) (1024K)]


Current CompileTask:
C2:9560 7344       4       org.lombokweb.asm.SymbolTable::<init> (554 bytes)

Stack: [0x000000c14b500000,0x000000c14b600000]
Native frames: (J=compiled Java code, j=interpreted, Vv=VM code, C=native code)
V  [jvm.dll+0x6d6e29]
V  [jvm.dll+0x8b4b76]
V  [jvm.dll+0x8b712e]
V  [jvm.dll+0x8b7813]
V  [jvm.dll+0x283d86]
V  [jvm.dll+0xc66ed]
V  [jvm.dll+0xc6c31]
V  [jvm.dll+0x2facee]
V  [jvm.dll+0x5fde44]
V  [jvm.dll+0x255557]
V  [jvm.dll+0x25591d]
V  [jvm.dll+0x24df40]
V  [jvm.dll+0x24b482]
V  [jvm.dll+0x1cb13e]
V  [jvm.dll+0x25b29d]
V  [jvm.dll+0x25982a]
V  [jvm.dll+0x3f7ea6]
V  [jvm.dll+0x85e9ad]
V  [jvm.dll+0x6d565d]
C  [ucrtbase.dll+0x37b0]
C  [KERNEL32.DLL+0x2e8d7]
C  [ntdll.dll+0x8c53c]


---------------  P R O C E S S  ---------------

Threads class SMR info:
_java_thread_list=0x000001e4636fb500, length=47, elements={
0x000001e47fe6eb50, 0x000001e4183b2df0, 0x000001e4183b4c20, 0x000001e4183b7fe0,
0x000001e4183b8c30, 0x000001e4183bd440, 0x000001e4183c38d0, 0x000001e4183ca580,
0x000001e4183d5570, 0x000001e45f1fa040, 0x000001e45f275130, 0x000001e45f7b9f90,
0x000001e45fb20eb0, 0x000001e45ff98090, 0x000001e45fdca570, 0x000001e460555fe0,
0x000001e45ff038f0, 0x000001e4601442a0, 0x000001e460146370, 0x000001e460145650,
0x000001e460145ce0, 0x000001e46069f680, 0x000001e460147720, 0x000001e4615d1060,
0x000001e460147090, 0x000001e460144fc0, 0x000001e460146a00, 0x000001e4638b08a0,
0x000001e4638b0210, 0x000001e4638adab0, 0x000001e4638b15c0, 0x000001e4638af4f0,
0x000001e4638afb80, 0x000001e4638b0f30, 0x000001e4638ae140, 0x000001e4638b1c50,
0x000001e4638aee60, 0x000001e4638ae7d0, 0x000001e4638b22e0, 0x000001e4638b2970,
0x000001e4638b3000, 0x000001e4638b3690, 0x000001e4638b4a40, 0x000001e4638b3d20,
0x000001e4638b43b0, 0x000001e4638b50d0, 0x000001e461aced30
}

Java Threads: ( => current thread )
  0x000001e47fe6eb50 JavaThread "main"                              [_thread_blocked, id=19300, stack(0x000000c149400000,0x000000c149500000) (1024K)]
  0x000001e4183b2df0 JavaThread "Reference Handler"          daemon [_thread_blocked, id=11148, stack(0x000000c149800000,0x000000c149900000) (1024K)]
  0x000001e4183b4c20 JavaThread "Finalizer"                  daemon [_thread_blocked, id=9384, stack(0x000000c149900000,0x000000c149a00000) (1024K)]
  0x000001e4183b7fe0 JavaThread "Signal Dispatcher"          daemon [_thread_blocked, id=20632, stack(0x000000c149a00000,0x000000c149b00000) (1024K)]
  0x000001e4183b8c30 JavaThread "Attach Listener"            daemon [_thread_blocked, id=1664, stack(0x000000c149b00000,0x000000c149c00000) (1024K)]
  0x000001e4183bd440 JavaThread "Service Thread"             daemon [_thread_blocked, id=20536, stack(0x000000c149c00000,0x000000c149d00000) (1024K)]
  0x000001e4183c38d0 JavaThread "Monitor Deflation Thread"   daemon [_thread_blocked, id=1292, stack(0x000000c149d00000,0x000000c149e00000) (1024K)]
  0x000001e4183ca580 JavaThread "C2 CompilerThread0"         daemon [_thread_in_native, id=20292, stack(0x000000c149e00000,0x000000c149f00000) (1024K)]
  0x000001e4183d5570 JavaThread "C1 CompilerThread0"         daemon [_thread_blocked, id=19444, stack(0x000000c149f00000,0x000000c14a000000) (1024K)]
  0x000001e45f1fa040 JavaThread "Common-Cleaner"             daemon [_thread_blocked, id=21104, stack(0x000000c14a100000,0x000000c14a200000) (1024K)]
  0x000001e45f275130 JavaThread "Notification Thread"        daemon [_thread_blocked, id=15576, stack(0x000000c14a200000,0x000000c14a300000) (1024K)]
  0x000001e45f7b9f90 JavaThread "Active Thread: Equinox Container: ff28ac56-eb3d-4899-8eea-2c2ab4317646"        [_thread_blocked, id=19600, stack(0x000000c14aa00000,0x000000c14ab00000) (1024K)]
  0x000001e45fb20eb0 JavaThread "Refresh Thread: Equinox Container: ff28ac56-eb3d-4899-8eea-2c2ab4317646" daemon [_thread_blocked, id=5736, stack(0x000000c14ab00000,0x000000c14ac00000) (1024K)]
  0x000001e45ff98090 JavaThread "Framework Event Dispatcher: Equinox Container: ff28ac56-eb3d-4899-8eea-2c2ab4317646" daemon [_thread_blocked, id=5932, stack(0x000000c14ad00000,0x000000c14ae00000) (1024K)]
  0x000001e45fdca570 JavaThread "Start Level: Equinox Container: ff28ac56-eb3d-4899-8eea-2c2ab4317646" daemon [_thread_blocked, id=6660, stack(0x000000c14ae00000,0x000000c14af00000) (1024K)]
  0x000001e460555fe0 JavaThread "Bundle File Closer"         daemon [_thread_blocked, id=10988, stack(0x000000c14af00000,0x000000c14b000000) (1024K)]
  0x000001e45ff038f0 JavaThread "SCR Component Actor"        daemon [_thread_blocked, id=1004, stack(0x000000c14b000000,0x000000c14b100000) (1024K)]
  0x000001e4601442a0 JavaThread "Worker-JM"                         [_thread_blocked, id=16748, stack(0x000000c14b100000,0x000000c14b200000) (1024K)]
  0x000001e460146370 JavaThread "JNA Cleaner"                daemon [_thread_blocked, id=20780, stack(0x000000c14a000000,0x000000c14a100000) (1024K)]
  0x000001e460145650 JavaThread "Worker-0"                          [_thread_blocked, id=20288, stack(0x000000c14a300000,0x000000c14a400000) (1024K)]
  0x000001e460145ce0 JavaThread "Worker-1"                          [_thread_blocked, id=17724, stack(0x000000c14b200000,0x000000c14b300000) (1024K)]
  0x000001e46069f680 JavaThread "C2 CompilerThread1"         daemon [_thread_in_native, id=5436, stack(0x000000c14b300000,0x000000c14b400000) (1024K)]
  0x000001e460147720 JavaThread "Java indexing"              daemon [_thread_blocked, id=12468, stack(0x000000c14b400000,0x000000c14b500000) (1024K)]
=>0x000001e4615d1060 JavaThread "C2 CompilerThread2"         daemon [_thread_in_native, id=16308, stack(0x000000c14b500000,0x000000c14b600000) (1024K)]
  0x000001e460147090 JavaThread "Worker-2"                          [_thread_blocked, id=5448, stack(0x000000c14b600000,0x000000c14b700000) (1024K)]
  0x000001e460144fc0 JavaThread "Worker-3"                          [_thread_blocked, id=17956, stack(0x000000c14b700000,0x000000c14b800000) (1024K)]
  0x000001e460146a00 JavaThread "Worker-4"                          [_thread_blocked, id=19984, stack(0x000000c14ba00000,0x000000c14bb00000) (1024K)]
  0x000001e4638b08a0 JavaThread "Worker-5"                          [_thread_blocked, id=18888, stack(0x000000c14bb00000,0x000000c14bc00000) (1024K)]
  0x000001e4638b0210 JavaThread "Thread-1"                   daemon [_thread_in_native, id=9280, stack(0x000000c14bc00000,0x000000c14bd00000) (1024K)]
  0x000001e4638adab0 JavaThread "Thread-2"                   daemon [_thread_in_native, id=17772, stack(0x000000c14bd00000,0x000000c14be00000) (1024K)]
  0x000001e4638b15c0 JavaThread "Thread-3"                   daemon [_thread_in_native, id=18052, stack(0x000000c14be00000,0x000000c14bf00000) (1024K)]
  0x000001e4638af4f0 JavaThread "Thread-4"                   daemon [_thread_in_native, id=4832, stack(0x000000c14bf00000,0x000000c14c000000) (1024K)]
  0x000001e4638afb80 JavaThread "Thread-5"                   daemon [_thread_in_native, id=5572, stack(0x000000c14c000000,0x000000c14c100000) (1024K)]
  0x000001e4638b0f30 JavaThread "Thread-6"                   daemon [_thread_in_native, id=5540, stack(0x000000c14c100000,0x000000c14c200000) (1024K)]
  0x000001e4638ae140 JavaThread "Thread-7"                   daemon [_thread_in_native, id=8936, stack(0x000000c14c200000,0x000000c14c300000) (1024K)]
  0x000001e4638b1c50 JavaThread "Thread-8"                   daemon [_thread_in_native, id=10068, stack(0x000000c14c300000,0x000000c14c400000) (1024K)]
  0x000001e4638aee60 JavaThread "Thread-9"                   daemon [_thread_in_native, id=15636, stack(0x000000c14c400000,0x000000c14c500000) (1024K)]
  0x000001e4638ae7d0 JavaThread "pool-2-thread-1"                   [_thread_blocked, id=16568, stack(0x000000c14c500000,0x000000c14c600000) (1024K)]
  0x000001e4638b22e0 JavaThread "WorkspaceEventsHandler"            [_thread_blocked, id=19568, stack(0x000000c14c600000,0x000000c14c700000) (1024K)]
  0x000001e4638b2970 JavaThread "pool-1-thread-1"                   [_thread_blocked, id=9168, stack(0x000000c14c700000,0x000000c14c800000) (1024K)]
  0x000001e4638b3000 JavaThread "ForkJoinPool.commonPool-worker-1" daemon [_thread_blocked, id=19188, stack(0x000000c14c800000,0x000000c14c900000) (1024K)]
  0x000001e4638b3690 JavaThread "ForkJoinPool.commonPool-worker-2" daemon [_thread_in_Java, id=13976, stack(0x000000c14c900000,0x000000c14ca00000) (1024K)]
  0x000001e4638b4a40 JavaThread "ForkJoinPool.commonPool-worker-3" daemon [_thread_blocked, id=1736, stack(0x000000c14ca00000,0x000000c14cb00000) (1024K)]
  0x000001e4638b3d20 JavaThread "ForkJoinPool.commonPool-worker-4" daemon [_thread_blocked, id=2940, stack(0x000000c14cb00000,0x000000c14cc00000) (1024K)]
  0x000001e4638b43b0 JavaThread "ForkJoinPool.commonPool-worker-5" daemon [_thread_blocked, id=10968, stack(0x000000c14cc00000,0x000000c14cd00000) (1024K)]
  0x000001e4638b50d0 JavaThread "ForkJoinPool.commonPool-worker-6" daemon [_thread_blocked, id=9372, stack(0x000000c14cd00000,0x000000c14ce00000) (1024K)]
  0x000001e461aced30 JavaThread "ForkJoinPool.commonPool-worker-7" daemon [_thread_blocked, id=11084, stack(0x000000c14ce00000,0x000000c14cf00000) (1024K)]
Total: 47

Other Threads:
  0x000001e418391610 VMThread "VM Thread"                           [id=3912, stack(0x000000c149700000,0x000000c149800000) (1024K)]
  0x000001e47fedabb0 WatcherThread "VM Periodic Task Thread"        [id=17700, stack(0x000000c149600000,0x000000c149700000) (1024K)]
  0x000001e47fe8d090 WorkerThread "GC Thread#0"                     [id=10608, stack(0x000000c149500000,0x000000c149600000) (1024K)]
  0x000001e45f80e650 WorkerThread "GC Thread#1"                     [id=10448, stack(0x000000c14a400000,0x000000c14a500000) (1024K)]
  0x000001e45fa17570 WorkerThread "GC Thread#2"                     [id=9268, stack(0x000000c14a500000,0x000000c14a600000) (1024K)]
  0x000001e45fa17910 WorkerThread "GC Thread#3"                     [id=10000, stack(0x000000c14a600000,0x000000c14a700000) (1024K)]
  0x000001e45fa17cb0 WorkerThread "GC Thread#4"                     [id=19860, stack(0x000000c14a700000,0x000000c14a800000) (1024K)]
  0x000001e45fd8a260 WorkerThread "GC Thread#5"                     [id=10772, stack(0x000000c14a800000,0x000000c14a900000) (1024K)]
  0x000001e45fd8a600 WorkerThread "GC Thread#6"                     [id=6868, stack(0x000000c14a900000,0x000000c14aa00000) (1024K)]
  0x000001e45f4beb40 WorkerThread "GC Thread#7"                     [id=18092, stack(0x000000c14ac00000,0x000000c14ad00000) (1024K)]
Total: 10

Threads with active compile tasks:
C2 CompilerThread0  9587 6990       4       org.lombokweb.asm.ClassReader::readMethod (1070 bytes)
C2 CompilerThread1  9587 7357       4       lombok.patcher.Hook::convertType (64 bytes)
C2 CompilerThread2  9587 7344       4       org.lombokweb.asm.SymbolTable::<init> (554 bytes)
Total: 3

VM state: not at safepoint (normal execution)

VM Mutex/Monitor currently owned by a thread: None

Heap address: 0x0000000080000000, size: 2048 MB, Compressed Oops mode: 32-bit

CDS archive(s) mapped at: [0x000001e419000000-0x000001e419ba0000-0x000001e419ba0000), size 12189696, SharedBaseAddress: 0x000001e419000000, ArchiveRelocationMode: 1.
Compressed class space mapped at: 0x000001e41a000000-0x000001e45a000000, reserved size: 1073741824
Narrow klass base: 0x000001e419000000, Narrow klass shift: 0, Narrow klass range: 0x100000000

GC Precious Log:
 CardTable entry size: 512
 CPUs: 8 total, 8 available
 Memory: 20122M
 Large Page Support: Disabled
 NUMA Support: Disabled
 Compressed Oops: Enabled (32-bit)
 Alignments: Space 512K, Generation 512K, Heap 2M
 Heap Min Capacity: 100M
 Heap Initial Capacity: 100M
 Heap Max Capacity: 2G
 Pre-touch: Disabled
 Parallel Workers: 8

Heap:
 PSYoungGen      total 17920K, used 12245K [0x00000000d5580000, 0x00000000d7080000, 0x0000000100000000)
  eden space 17408K, 67% used [0x00000000d5580000,0x00000000d60f9470,0x00000000d6680000)
  from space 512K, 96% used [0x00000000d6900000,0x00000000d697c010,0x00000000d6980000)
  to   space 5120K, 0% used [0x00000000d6b80000,0x00000000d6b80000,0x00000000d7080000)
 ParOldGen       total 68608K, used 44365K [0x0000000080000000, 0x0000000084300000, 0x00000000d5580000)
  object space 68608K, 64% used [0x0000000080000000,0x0000000082b53540,0x0000000084300000)
 Metaspace       used 55184K, committed 56576K, reserved 1114112K
  class space    used 5984K, committed 6592K, reserved 1048576K

Card table byte_map: [0x000001e413730000,0x000001e413b40000] _byte_map_base: 0x000001e413330000

Marking Bits: (ParMarkBitMap*) 0x00007ff963382460
 Begin Bits: [0x000001e413df0000, 0x000001e415df0000)
 End Bits:   [0x000001e415df0000, 0x000001e417df0000)

Polling page: 0x000001e47f8d0000

Metaspace:

Usage:
  Non-class:     48.05 MB used.
      Class:      5.84 MB used.
       Both:     53.89 MB used.

Virtual space:
  Non-class space:       64.00 MB reserved,      48.81 MB ( 76%) committed,  1 nodes.
      Class space:        1.00 GB reserved,       6.44 MB ( <1%) committed,  1 nodes.
             Both:        1.06 GB reserved,      55.25 MB (  5%) committed. 

Chunk freelists:
   Non-Class:  14.86 MB
       Class:  9.59 MB
        Both:  24.45 MB

MaxMetaspaceSize: unlimited
CompressedClassSpaceSize: 1.00 GB
Initial GC threshold: 21.00 MB
Current GC threshold: 58.38 MB
CDS: on
 - commit_granule_bytes: 65536.
 - commit_granule_words: 8192.
 - virtual_space_node_default_size: 8388608.
 - enlarge_chunks_in_place: 1.
 - use_allocation_guard: 0.


Internal statistics:

num_allocs_failed_limit: 6.
num_arena_births: 916.
num_arena_deaths: 22.
num_vsnodes_births: 2.
num_vsnodes_deaths: 0.
num_space_committed: 884.
num_space_uncommitted: 0.
num_chunks_returned_to_freelist: 32.
num_chunks_taken_from_freelist: 3373.
num_chunk_merges: 12.
num_chunk_splits: 2135.
num_chunks_enlarged: 1312.
num_inconsistent_stats: 0.

CodeHeap 'non-profiled nmethods': size=120000Kb used=4450Kb max_used=4450Kb free=115549Kb
 bounds [0x000001e40c020000, 0x000001e40c480000, 0x000001e413550000]
CodeHeap 'profiled nmethods': size=120000Kb used=14950Kb max_used=14950Kb free=105049Kb
 bounds [0x000001e404550000, 0x000001e4053f0000, 0x000001e40ba80000]
CodeHeap 'non-nmethods': size=5760Kb used=1416Kb max_used=1485Kb free=4343Kb
 bounds [0x000001e40ba80000, 0x000001e40bcf0000, 0x000001e40c020000]
CodeCache: size=245760Kb, used=20816Kb, max_used=20885Kb, free=224941Kb
 total_blobs=7612, nmethods=6896, adapters=622, full_count=0
Compilation: enabled, stopped_count=0, restarted_count=0

Compilation events (20 events):
Event: 9.551 Thread 0x000001e4183d5570 nmethod 7420 0x000001e4053cb490 code [0x000001e4053cb660, 0x000001e4053cb9b8]
Event: 9.551 Thread 0x000001e4183d5570 7421   !   3       lombok.core.AST::buildWithField0 (121 bytes)
Event: 9.552 Thread 0x000001e4183d5570 nmethod 7421 0x000001e4053cbb10 code [0x000001e4053cbe20, 0x000001e4053ccbf8]
Event: 9.552 Thread 0x000001e4183d5570 7424       3       lombok.eclipse.EclipseAST::drill (80 bytes)
Event: 9.553 Thread 0x000001e4183d5570 nmethod 7424 0x000001e4053cd310 code [0x000001e4053cd560, 0x000001e4053ce1b8]
Event: 9.553 Thread 0x000001e4183d5570 7427       3       java.lang.invoke.LambdaForm$MH/0x000001e41a1d9000::invoke (36 bytes)
Event: 9.553 Thread 0x000001e4183d5570 nmethod 7427 0x000001e4053ce590 code [0x000001e4053ce7a0, 0x000001e4053cefa8]
Event: 9.553 Thread 0x000001e4183d5570 7423       3       lombok.core.AST::fieldsOf (69 bytes)
Event: 9.554 Thread 0x000001e4183d5570 nmethod 7423 0x000001e4053cf210 code [0x000001e4053cf460, 0x000001e4053cfda8]
Event: 9.554 Thread 0x000001e4183d5570 7425       3       lombok.eclipse.EclipseAST::buildTree (182 bytes)
Event: 9.554 Thread 0x000001e4183d5570 nmethod 7425 0x000001e4053d0090 code [0x000001e4053d0440, 0x000001e4053d1ab8]
Event: 9.554 Thread 0x000001e4183d5570 7426   !   3       lombok.eclipse.EclipseAST::$SWITCH_TABLE$lombok$core$AST$Kind (157 bytes)
Event: 9.555 Thread 0x000001e4183d5570 nmethod 7426 0x000001e4053d2010 code [0x000001e4053d2220, 0x000001e4053d28c0]
Event: 9.555 Thread 0x000001e4183d5570 7422       3       lombok.eclipse.EclipseAST::buildAnnotations (56 bytes)
Event: 9.555 Thread 0x000001e4183d5570 nmethod 7422 0x000001e4053d2b90 code [0x000001e4053d2dc0, 0x000001e4053d36c0]
Event: 9.555 Thread 0x000001e4183d5570 7428       3       lombok.eclipse.EclipseAST::buildTree (10 bytes)
Event: 9.556 Thread 0x000001e4183d5570 nmethod 7428 0x000001e4053d3a90 code [0x000001e4053d3c40, 0x000001e4053d3e78]
Event: 9.558 Thread 0x000001e4183d5570 7429       3       lombok.core.AST::shouldDrill (49 bytes)
Event: 9.558 Thread 0x000001e4183d5570 nmethod 7429 0x000001e4053d3f90 code [0x000001e4053d41a0, 0x000001e4053d4760]
Event: 9.558 Thread 0x000001e4183d5570 7430       3       lombok.core.AST::getFields (166 bytes)

GC Heap History (20 events):
Event: 7.831 GC heap before
{Heap before GC invocations=24 (full 2):
 PSYoungGen      total 24576K, used 24096K [0x00000000d5580000, 0x00000000d7000000, 0x0000000100000000)
  eden space 22016K, 100% used [0x00000000d5580000,0x00000000d6b00000,0x00000000d6b00000)
  from space 2560K, 81% used [0x00000000d6c00000,0x00000000d6e08020,0x00000000d6e80000)
  to   space 1536K, 0% used [0x00000000d6e80000,0x00000000d6e80000,0x00000000d7000000)
 ParOldGen       total 68608K, used 26864K [0x0000000080000000, 0x0000000084300000, 0x00000000d5580000)
  object space 68608K, 39% used [0x0000000080000000,0x0000000081a3c3b0,0x0000000084300000)
 Metaspace       used 46917K, committed 48128K, reserved 1114112K
  class space    used 5135K, committed 5696K, reserved 1048576K
}
Event: 7.836 GC heap after
{Heap after GC invocations=24 (full 2):
 PSYoungGen      total 22528K, used 1536K [0x00000000d5580000, 0x00000000d7400000, 0x0000000100000000)
  eden space 20992K, 0% used [0x00000000d5580000,0x00000000d5580000,0x00000000d6a00000)
  from space 1536K, 100% used [0x00000000d6e80000,0x00000000d7000000,0x00000000d7000000)
  to   space 4608K, 0% used [0x00000000d6a00000,0x00000000d6a00000,0x00000000d6e80000)
 ParOldGen       total 68608K, used 29469K [0x0000000080000000, 0x0000000084300000, 0x00000000d5580000)
  object space 68608K, 42% used [0x0000000080000000,0x0000000081cc75e0,0x0000000084300000)
 Metaspace       used 46917K, committed 48128K, reserved 1114112K
  class space    used 5135K, committed 5696K, reserved 1048576K
}
Event: 7.888 GC heap before
{Heap before GC invocations=25 (full 2):
 PSYoungGen      total 22528K, used 22528K [0x00000000d5580000, 0x00000000d7400000, 0x0000000100000000)
  eden space 20992K, 100% used [0x00000000d5580000,0x00000000d6a00000,0x00000000d6a00000)
  from space 1536K, 100% used [0x00000000d6e80000,0x00000000d7000000,0x00000000d7000000)
  to   space 4608K, 0% used [0x00000000d6a00000,0x00000000d6a00000,0x00000000d6e80000)
 ParOldGen       total 68608K, used 29469K [0x0000000080000000, 0x0000000084300000, 0x00000000d5580000)
  object space 68608K, 42% used [0x0000000080000000,0x0000000081cc75e0,0x0000000084300000)
 Metaspace       used 46924K, committed 48192K, reserved 1114112K
  class space    used 5135K, committed 5696K, reserved 1048576K
}
Event: 7.896 GC heap after
{Heap after GC invocations=25 (full 2):
 PSYoungGen      total 23040K, used 1856K [0x00000000d5580000, 0x00000000d7000000, 0x0000000100000000)
  eden space 20992K, 0% used [0x00000000d5580000,0x00000000d5580000,0x00000000d6a00000)
  from space 2048K, 90% used [0x00000000d6a00000,0x00000000d6bd0000,0x00000000d6c00000)
  to   space 3072K, 0% used [0x00000000d6d00000,0x00000000d6d00000,0x00000000d7000000)
 ParOldGen       total 68608K, used 31019K [0x0000000080000000, 0x0000000084300000, 0x00000000d5580000)
  object space 68608K, 45% used [0x0000000080000000,0x0000000081e4af90,0x0000000084300000)
 Metaspace       used 46924K, committed 48192K, reserved 1114112K
  class space    used 5135K, committed 5696K, reserved 1048576K
}
Event: 7.983 GC heap before
{Heap before GC invocations=26 (full 2):
 PSYoungGen      total 23040K, used 22848K [0x00000000d5580000, 0x00000000d7000000, 0x0000000100000000)
  eden space 20992K, 100% used [0x00000000d5580000,0x00000000d6a00000,0x00000000d6a00000)
  from space 2048K, 90% used [0x00000000d6a00000,0x00000000d6bd0000,0x00000000d6c00000)
  to   space 3072K, 0% used [0x00000000d6d00000,0x00000000d6d00000,0x00000000d7000000)
 ParOldGen       total 68608K, used 31019K [0x0000000080000000, 0x0000000084300000, 0x00000000d5580000)
  object space 68608K, 45% used [0x0000000080000000,0x0000000081e4af90,0x0000000084300000)
 Metaspace       used 46979K, committed 48192K, reserved 1114112K
  class space    used 5138K, committed 5696K, reserved 1048576K
}
Event: 7.988 GC heap after
{Heap after GC invocations=26 (full 2):
 PSYoungGen      total 23040K, used 2016K [0x00000000d5580000, 0x00000000d6f00000, 0x0000000100000000)
  eden space 20992K, 0% used [0x00000000d5580000,0x00000000d5580000,0x00000000d6a00000)
  from space 2048K, 98% used [0x00000000d6d00000,0x00000000d6ef8010,0x00000000d6f00000)
  to   space 2560K, 0% used [0x00000000d6a00000,0x00000000d6a00000,0x00000000d6c80000)
 ParOldGen       total 68608K, used 32739K [0x0000000080000000, 0x0000000084300000, 0x00000000d5580000)
  object space 68608K, 47% used [0x0000000080000000,0x0000000081ff8f90,0x0000000084300000)
 Metaspace       used 46979K, committed 48192K, reserved 1114112K
  class space    used 5138K, committed 5696K, reserved 1048576K
}
Event: 8.082 GC heap before
{Heap before GC invocations=27 (full 2):
 PSYoungGen      total 23040K, used 23008K [0x00000000d5580000, 0x00000000d6f00000, 0x0000000100000000)
  eden space 20992K, 100% used [0x00000000d5580000,0x00000000d6a00000,0x00000000d6a00000)
  from space 2048K, 98% used [0x00000000d6d00000,0x00000000d6ef8010,0x00000000d6f00000)
  to   space 2560K, 0% used [0x00000000d6a00000,0x00000000d6a00000,0x00000000d6c80000)
 ParOldGen       total 68608K, used 32739K [0x0000000080000000, 0x0000000084300000, 0x00000000d5580000)
  object space 68608K, 47% used [0x0000000080000000,0x0000000081ff8f90,0x0000000084300000)
 Metaspace       used 47124K, committed 48320K, reserved 1114112K
  class space    used 5154K, committed 5696K, reserved 1048576K
}
Event: 8.086 GC heap after
{Heap after GC invocations=27 (full 2):
 PSYoungGen      total 23040K, used 1816K [0x00000000d5580000, 0x00000000d6e00000, 0x0000000100000000)
  eden space 20992K, 0% used [0x00000000d5580000,0x00000000d5580000,0x00000000d6a00000)
  from space 2048K, 88% used [0x00000000d6a00000,0x00000000d6bc6200,0x00000000d6c00000)
  to   space 2048K, 0% used [0x00000000d6c00000,0x00000000d6c00000,0x00000000d6e00000)
 ParOldGen       total 68608K, used 34659K [0x0000000080000000, 0x0000000084300000, 0x00000000d5580000)
  object space 68608K, 50% used [0x0000000080000000,0x00000000821d8fa0,0x0000000084300000)
 Metaspace       used 47124K, committed 48320K, reserved 1114112K
  class space    used 5154K, committed 5696K, reserved 1048576K
}
Event: 8.471 GC heap before
{Heap before GC invocations=28 (full 2):
 PSYoungGen      total 23040K, used 22808K [0x00000000d5580000, 0x00000000d6e00000, 0x0000000100000000)
  eden space 20992K, 100% used [0x00000000d5580000,0x00000000d6a00000,0x00000000d6a00000)
  from space 2048K, 88% used [0x00000000d6a00000,0x00000000d6bc6200,0x00000000d6c00000)
  to   space 2048K, 0% used [0x00000000d6c00000,0x00000000d6c00000,0x00000000d6e00000)
 ParOldGen       total 68608K, used 34659K [0x0000000080000000, 0x0000000084300000, 0x00000000d5580000)
  object space 68608K, 50% used [0x0000000080000000,0x00000000821d8fa0,0x0000000084300000)
 Metaspace       used 49987K, committed 51200K, reserved 1114112K
  class space    used 5403K, committed 5952K, reserved 1048576K
}
Event: 8.478 GC heap after
{Heap after GC invocations=28 (full 2):
 PSYoungGen      total 19456K, used 2024K [0x00000000d5580000, 0x00000000d7500000, 0x0000000100000000)
  eden space 17408K, 0% used [0x00000000d5580000,0x00000000d5580000,0x00000000d6680000)
  from space 2048K, 98% used [0x00000000d6c00000,0x00000000d6dfa000,0x00000000d6e00000)
  to   space 5632K, 0% used [0x00000000d6680000,0x00000000d6680000,0x00000000d6c00000)
 ParOldGen       total 68608K, used 37678K [0x0000000080000000, 0x0000000084300000, 0x00000000d5580000)
  object space 68608K, 54% used [0x0000000080000000,0x00000000824cb8e8,0x0000000084300000)
 Metaspace       used 49987K, committed 51200K, reserved 1114112K
  class space    used 5403K, committed 5952K, reserved 1048576K
}
Event: 8.678 GC heap before
{Heap before GC invocations=29 (full 2):
 PSYoungGen      total 19456K, used 19432K [0x00000000d5580000, 0x00000000d7500000, 0x0000000100000000)
  eden space 17408K, 100% used [0x00000000d5580000,0x00000000d6680000,0x00000000d6680000)
  from space 2048K, 98% used [0x00000000d6c00000,0x00000000d6dfa000,0x00000000d6e00000)
  to   space 5632K, 0% used [0x00000000d6680000,0x00000000d6680000,0x00000000d6c00000)
 ParOldGen       total 68608K, used 37678K [0x0000000080000000, 0x0000000084300000, 0x00000000d5580000)
  object space 68608K, 54% used [0x0000000080000000,0x00000000824cb8e8,0x0000000084300000)
 Metaspace       used 50664K, committed 51840K, reserved 1114112K
  class space    used 5499K, committed 6016K, reserved 1048576K
}
Event: 8.680 GC heap after
{Heap after GC invocations=29 (full 2):
 PSYoungGen      total 17920K, used 320K [0x00000000d5580000, 0x00000000d6c80000, 0x0000000100000000)
  eden space 17408K, 0% used [0x00000000d5580000,0x00000000d5580000,0x00000000d6680000)
  from space 512K, 62% used [0x00000000d6680000,0x00000000d66d0000,0x00000000d6700000)
  to   space 2048K, 0% used [0x00000000d6a80000,0x00000000d6a80000,0x00000000d6c80000)
 ParOldGen       total 68608K, used 39698K [0x0000000080000000, 0x0000000084300000, 0x00000000d5580000)
  object space 68608K, 57% used [0x0000000080000000,0x00000000826c4b38,0x0000000084300000)
 Metaspace       used 50664K, committed 51840K, reserved 1114112K
  class space    used 5499K, committed 6016K, reserved 1048576K
}
Event: 8.850 GC heap before
{Heap before GC invocations=30 (full 2):
 PSYoungGen      total 17920K, used 17728K [0x00000000d5580000, 0x00000000d6c80000, 0x0000000100000000)
  eden space 17408K, 100% used [0x00000000d5580000,0x00000000d6680000,0x00000000d6680000)
  from space 512K, 62% used [0x00000000d6680000,0x00000000d66d0000,0x00000000d6700000)
  to   space 2048K, 0% used [0x00000000d6a80000,0x00000000d6a80000,0x00000000d6c80000)
 ParOldGen       total 68608K, used 39698K [0x0000000080000000, 0x0000000084300000, 0x00000000d5580000)
  object space 68608K, 57% used [0x0000000080000000,0x00000000826c4b38,0x0000000084300000)
 Metaspace       used 51769K, committed 52928K, reserved 1114112K
  class space    used 5596K, committed 6144K, reserved 1048576K
}
Event: 8.851 GC heap after
{Heap after GC invocations=30 (full 2):
 PSYoungGen      total 19456K, used 1789K [0x00000000d5580000, 0x00000000d6c80000, 0x0000000100000000)
  eden space 17408K, 0% used [0x00000000d5580000,0x00000000d5580000,0x00000000d6680000)
  from space 2048K, 87% used [0x00000000d6a80000,0x00000000d6c3f590,0x00000000d6c80000)
  to   space 2560K, 0% used [0x00000000d6780000,0x00000000d6780000,0x00000000d6a00000)
 ParOldGen       total 68608K, used 39906K [0x0000000080000000, 0x0000000084300000, 0x00000000d5580000)
  object space 68608K, 58% used [0x0000000080000000,0x00000000826f8b38,0x0000000084300000)
 Metaspace       used 51769K, committed 52928K, reserved 1114112K
  class space    used 5596K, committed 6144K, reserved 1048576K
}
Event: 8.922 GC heap before
{Heap before GC invocations=31 (full 2):
 PSYoungGen      total 19456K, used 19197K [0x00000000d5580000, 0x00000000d6c80000, 0x0000000100000000)
  eden space 17408K, 100% used [0x00000000d5580000,0x00000000d6680000,0x00000000d6680000)
  from space 2048K, 87% used [0x00000000d6a80000,0x00000000d6c3f590,0x00000000d6c80000)
  to   space 2560K, 0% used [0x00000000d6780000,0x00000000d6780000,0x00000000d6a00000)
 ParOldGen       total 68608K, used 39906K [0x0000000080000000, 0x0000000084300000, 0x00000000d5580000)
  object space 68608K, 58% used [0x0000000080000000,0x00000000826f8b38,0x0000000084300000)
 Metaspace       used 51792K, committed 52992K, reserved 1114112K
  class space    used 5596K, committed 6144K, reserved 1048576K
}
Event: 8.927 GC heap after
{Heap after GC invocations=31 (full 2):
 PSYoungGen      total 18432K, used 681K [0x00000000d5580000, 0x00000000d6b00000, 0x0000000100000000)
  eden space 17408K, 0% used [0x00000000d5580000,0x00000000d5580000,0x00000000d6680000)
  from space 1024K, 66% used [0x00000000d6780000,0x00000000d682a788,0x00000000d6880000)
  to   space 1536K, 0% used [0x00000000d6980000,0x00000000d6980000,0x00000000d6b00000)
 ParOldGen       total 68608K, used 40731K [0x0000000080000000, 0x0000000084300000, 0x00000000d5580000)
  object space 68608K, 59% used [0x0000000080000000,0x00000000827c6db0,0x0000000084300000)
 Metaspace       used 51792K, committed 52992K, reserved 1114112K
  class space    used 5596K, committed 6144K, reserved 1048576K
}
Event: 9.002 GC heap before
{Heap before GC invocations=32 (full 2):
 PSYoungGen      total 18432K, used 18089K [0x00000000d5580000, 0x00000000d6b00000, 0x0000000100000000)
  eden space 17408K, 100% used [0x00000000d5580000,0x00000000d6680000,0x00000000d6680000)
  from space 1024K, 66% used [0x00000000d6780000,0x00000000d682a788,0x00000000d6880000)
  to   space 1536K, 0% used [0x00000000d6980000,0x00000000d6980000,0x00000000d6b00000)
 ParOldGen       total 68608K, used 40731K [0x0000000080000000, 0x0000000084300000, 0x00000000d5580000)
  object space 68608K, 59% used [0x0000000080000000,0x00000000827c6db0,0x0000000084300000)
 Metaspace       used 52672K, committed 53824K, reserved 1114112K
  class space    used 5680K, committed 6208K, reserved 1048576K
}
Event: 9.002 GC heap after
{Heap after GC invocations=32 (full 2):
 PSYoungGen      total 17920K, used 256K [0x00000000d5580000, 0x00000000d6a00000, 0x0000000100000000)
  eden space 17408K, 0% used [0x00000000d5580000,0x00000000d5580000,0x00000000d6680000)
  from space 512K, 50% used [0x00000000d6980000,0x00000000d69c0000,0x00000000d6a00000)
  to   space 512K, 0% used [0x00000000d6900000,0x00000000d6900000,0x00000000d6980000)
 ParOldGen       total 68608K, used 40739K [0x0000000080000000, 0x0000000084300000, 0x00000000d5580000)
  object space 68608K, 59% used [0x0000000080000000,0x00000000827c8db0,0x0000000084300000)
 Metaspace       used 52672K, committed 53824K, reserved 1114112K
  class space    used 5680K, committed 6208K, reserved 1048576K
}
Event: 9.354 GC heap before
{Heap before GC invocations=33 (full 2):
 PSYoungGen      total 17920K, used 17664K [0x00000000d5580000, 0x00000000d6a00000, 0x0000000100000000)
  eden space 17408K, 100% used [0x00000000d5580000,0x00000000d6680000,0x00000000d6680000)
  from space 512K, 50% used [0x00000000d6980000,0x00000000d69c0000,0x00000000d6a00000)
  to   space 512K, 0% used [0x00000000d6900000,0x00000000d6900000,0x00000000d6980000)
 ParOldGen       total 68608K, used 40739K [0x0000000080000000, 0x0000000084300000, 0x00000000d5580000)
  object space 68608K, 59% used [0x0000000080000000,0x00000000827c8db0,0x0000000084300000)
 Metaspace       used 54308K, committed 55616K, reserved 1114112K
  class space    used 5853K, committed 6464K, reserved 1048576K
}
Event: 9.360 GC heap after
{Heap after GC invocations=33 (full 2):
 PSYoungGen      total 17920K, used 496K [0x00000000d5580000, 0x00000000d7080000, 0x0000000100000000)
  eden space 17408K, 0% used [0x00000000d5580000,0x00000000d5580000,0x00000000d6680000)
  from space 512K, 96% used [0x00000000d6900000,0x00000000d697c010,0x00000000d6980000)
  to   space 5120K, 0% used [0x00000000d6b80000,0x00000000d6b80000,0x00000000d7080000)
 ParOldGen       total 68608K, used 44365K [0x0000000080000000, 0x0000000084300000, 0x00000000d5580000)
  object space 68608K, 64% used [0x0000000080000000,0x0000000082b53540,0x0000000084300000)
 Metaspace       used 54308K, committed 55616K, reserved 1114112K
  class space    used 5853K, committed 6464K, reserved 1048576K
}

Dll operation events (10 events):
Event: 0.013 Loaded shared library c:\Users\HP\.cursor\extensions\redhat.java-1.50.0-win32-x64\jre\21.0.9-win32-x86_64\bin\java.dll
Event: 0.082 Loaded shared library c:\Users\HP\.cursor\extensions\redhat.java-1.50.0-win32-x64\jre\21.0.9-win32-x86_64\bin\zip.dll
Event: 0.107 Loaded shared library C:\Users\HP\.cursor\extensions\redhat.java-1.50.0-win32-x64\jre\21.0.9-win32-x86_64\bin\instrument.dll
Event: 0.112 Loaded shared library C:\Users\HP\.cursor\extensions\redhat.java-1.50.0-win32-x64\jre\21.0.9-win32-x86_64\bin\net.dll
Event: 0.114 Loaded shared library C:\Users\HP\.cursor\extensions\redhat.java-1.50.0-win32-x64\jre\21.0.9-win32-x86_64\bin\nio.dll
Event: 0.116 Loaded shared library C:\Users\HP\.cursor\extensions\redhat.java-1.50.0-win32-x64\jre\21.0.9-win32-x86_64\bin\zip.dll
Event: 0.129 Loaded shared library C:\Users\HP\.cursor\extensions\redhat.java-1.50.0-win32-x64\jre\21.0.9-win32-x86_64\bin\jimage.dll
Event: 0.199 Loaded shared library c:\Users\HP\.cursor\extensions\redhat.java-1.50.0-win32-x64\jre\21.0.9-win32-x86_64\bin\verify.dll
Event: 1.302 Loaded shared library C:\Users\HP\AppData\Roaming\Cursor\User\globalStorage\redhat.java\1.50.0\config_win\org.eclipse.equinox.launcher\org.eclipse.equinox.launcher.win32.win32.x86_64_1.2.1400.v20250801-0854\eclipse_11916.dll
Event: 2.633 Loaded shared library C:\Users\HP\AppData\Local\Temp\jna-2312\jna17317267652488947760.dll

Deoptimization events (20 events):
Event: 9.402 Thread 0x000001e4638b3d20 DEOPT PACKING pc=0x000001e4046a9cc8 sp=0x000000c14cbfe4f0
Event: 9.402 Thread 0x000001e4638b3d20 DEOPT UNPACKING pc=0x000001e40bad78e2 sp=0x000000c14cbfd9f8 mode 3
Event: 9.402 Thread 0x000001e4638b3d20 Uncommon trap: trap_request=0xffffff45 fr.pc=0x000001e40c3e10fc relative=0x0000000000000cdc
Event: 9.402 Thread 0x000001e4638b3d20 Uncommon trap: reason=unstable_if action=reinterpret pc=0x000001e40c3e10fc method=java.util.concurrent.ConcurrentHashMap.putVal(Ljava/lang/Object;Ljava/lang/Object;Z)Ljava/lang/Object; @ 245 c2
Event: 9.402 Thread 0x000001e4638b3d20 DEOPT PACKING pc=0x000001e40c3e10fc sp=0x000000c14cbfe6e0
Event: 9.402 Thread 0x000001e4638b3d20 DEOPT UNPACKING pc=0x000001e40bad6da2 sp=0x000000c14cbfe688 mode 2
Event: 9.416 Thread 0x000001e4638b08a0 Uncommon trap: trap_request=0xffffff45 fr.pc=0x000001e40c36060c relative=0x000000000000120c
Event: 9.417 Thread 0x000001e4638b08a0 Uncommon trap: reason=unstable_if action=reinterpret pc=0x000001e40c36060c method=org.eclipse.jdt.internal.core.util.Util.splitOn(CLjava/lang/String;II)[Ljava/lang/String; @ 16 c2
Event: 9.417 Thread 0x000001e4638b08a0 DEOPT PACKING pc=0x000001e40c36060c sp=0x000000c14bbfe930
Event: 9.417 Thread 0x000001e4638b08a0 DEOPT UNPACKING pc=0x000001e40bad6da2 sp=0x000000c14bbfe920 mode 2
Event: 9.438 Thread 0x000001e4638b3690 Uncommon trap: trap_request=0xffffff45 fr.pc=0x000001e40c109dd4 relative=0x0000000000000654
Event: 9.438 Thread 0x000001e4638b3690 Uncommon trap: reason=unstable_if action=reinterpret pc=0x000001e40c109dd4 method=java.lang.String.decodeASCII([BI[CII)I @ 13 c2
Event: 9.438 Thread 0x000001e4638b3690 DEOPT PACKING pc=0x000001e40c109dd4 sp=0x000000c14c9fe2e0
Event: 9.438 Thread 0x000001e4638b3690 DEOPT UNPACKING pc=0x000001e40bad6da2 sp=0x000000c14c9fe108 mode 2
Event: 9.447 Thread 0x000001e4638b3690 DEOPT PACKING pc=0x000001e404ce56f1 sp=0x000000c14c9fbef0
Event: 9.447 Thread 0x000001e4638b3690 DEOPT UNPACKING pc=0x000001e40bad78e2 sp=0x000000c14c9fb498 mode 0
Event: 9.448 Thread 0x000001e4638b3690 Uncommon trap: trap_request=0xffffffcc fr.pc=0x000001e40c42eae4 relative=0x0000000000002ea4
Event: 9.448 Thread 0x000001e4638b3690 Uncommon trap: reason=intrinsic_or_type_checked_inlining action=make_not_entrant pc=0x000001e40c42eae4 method=java.util.ArrayList$SubList.toArray([Ljava/lang/Object;)[Ljava/lang/Object; @ 58 c2
Event: 9.448 Thread 0x000001e4638b3690 DEOPT PACKING pc=0x000001e40c42eae4 sp=0x000000c14c9fbb30
Event: 9.448 Thread 0x000001e4638b3690 DEOPT UNPACKING pc=0x000001e40bad6da2 sp=0x000000c14c9fb8f0 mode 2

Classes loaded (20 events):
Event: 9.332 Loading class java/util/Hashtable$KeySet
Event: 9.332 Loading class java/util/Hashtable$KeySet done
Event: 9.411 Loading class java/util/regex/PatternSyntaxException
Event: 9.411 Loading class java/util/regex/PatternSyntaxException done
Event: 9.413 Loading class java/util/AbstractList$RandomAccessSubList
Event: 9.413 Loading class java/util/AbstractList$SubList
Event: 9.413 Loading class java/util/AbstractList$SubList done
Event: 9.413 Loading class java/util/AbstractList$RandomAccessSubList done
Event: 9.413 Loading class java/util/AbstractList$SubList$1
Event: 9.413 Loading class java/util/AbstractList$SubList$1 done
Event: 9.438 Loading class java/util/stream/ReduceOps$5
Event: 9.438 Loading class java/util/stream/ReduceOps$5 done
Event: 9.438 Loading class java/util/stream/ReduceOps$CountingSink$OfRef
Event: 9.441 Loading class java/util/stream/ReduceOps$CountingSink
Event: 9.441 Loading class java/util/stream/ReduceOps$CountingSink done
Event: 9.441 Loading class java/util/stream/ReduceOps$CountingSink$OfRef done
Event: 9.469 Loading class java/util/stream/ReduceOps$1
Event: 9.470 Loading class java/util/stream/ReduceOps$1 done
Event: 9.470 Loading class java/util/stream/ReduceOps$1ReducingSink
Event: 9.470 Loading class java/util/stream/ReduceOps$1ReducingSink done

Classes unloaded (11 events):
Event: 3.249 Thread 0x000001e418391610 Unloading class 0x000001e41a1a5400 'java/lang/invoke/LambdaForm$MH+0x000001e41a1a5400'
Event: 3.249 Thread 0x000001e418391610 Unloading class 0x000001e41a1a5000 'java/lang/invoke/LambdaForm$MH+0x000001e41a1a5000'
Event: 3.249 Thread 0x000001e418391610 Unloading class 0x000001e41a1a4c00 'java/lang/invoke/LambdaForm$MH+0x000001e41a1a4c00'
Event: 3.249 Thread 0x000001e418391610 Unloading class 0x000001e41a1a4800 'java/lang/invoke/LambdaForm$MH+0x000001e41a1a4800'
Event: 3.249 Thread 0x000001e418391610 Unloading class 0x000001e41a1a4400 'java/lang/invoke/LambdaForm$BMH+0x000001e41a1a4400'
Event: 3.249 Thread 0x000001e418391610 Unloading class 0x000001e41a1a4000 'java/lang/invoke/LambdaForm$DMH+0x000001e41a1a4000'
Event: 3.249 Thread 0x000001e418391610 Unloading class 0x000001e41a1a2c00 'java/lang/invoke/LambdaForm$DMH+0x000001e41a1a2c00'
Event: 5.279 Thread 0x000001e418391610 Unloading class 0x000001e41a328000 'java/lang/invoke/LambdaForm$MH+0x000001e41a328000'
Event: 5.279 Thread 0x000001e418391610 Unloading class 0x000001e41a327000 'java/lang/invoke/LambdaForm$MH+0x000001e41a327000'
Event: 5.279 Thread 0x000001e418391610 Unloading class 0x000001e41a326800 'java/lang/invoke/LambdaForm$MH+0x000001e41a326800'
Event: 5.279 Thread 0x000001e418391610 Unloading class 0x000001e41a321000 'java/lang/invoke/LambdaForm$MH+0x000001e41a321000'

Classes redefined (0 events):
No events

Internal exceptions (20 events):
Event: 9.536 Thread 0x000001e4638b3690 Exception <a 'java/lang/NullPointerException'{0x00000000d5e9aa70}> (0x00000000d5e9aa70) 
thrown [s\src\hotspot\share\interpreter\linkResolver.cpp, line 1372]
Event: 9.537 Thread 0x000001e4638b3690 Exception <a 'java/lang/NullPointerException'{0x00000000d5e9b900}> (0x00000000d5e9b900) 
thrown [s\src\hotspot\share\interpreter\linkResolver.cpp, line 1372]
Event: 9.537 Thread 0x000001e4638b3690 Exception <a 'java/lang/NullPointerException'{0x00000000d5e9c030}> (0x00000000d5e9c030) 
thrown [s\src\hotspot\share\interpreter\linkResolver.cpp, line 1372]
Event: 9.537 Thread 0x000001e4638b3690 Exception <a 'java/lang/NullPointerException'{0x00000000d5e9dbd8}> (0x00000000d5e9dbd8) 
thrown [s\src\hotspot\share\interpreter\linkResolver.cpp, line 1372]
Event: 9.537 Thread 0x000001e4638b3690 Exception <a 'java/lang/NullPointerException'{0x00000000d5e9ee00}> (0x00000000d5e9ee00) 
thrown [s\src\hotspot\share\interpreter\linkResolver.cpp, line 1372]
Event: 9.538 Thread 0x000001e4638b3690 Exception <a 'java/lang/NullPointerException'{0x00000000d5e9fff8}> (0x00000000d5e9fff8) 
thrown [s\src\hotspot\share\interpreter\linkResolver.cpp, line 1372]
Event: 9.538 Thread 0x000001e4638b3690 Exception <a 'java/lang/NullPointerException'{0x00000000d5ea0b30}> (0x00000000d5ea0b30) 
thrown [s\src\hotspot\share\interpreter\linkResolver.cpp, line 1372]
Event: 9.538 Thread 0x000001e4638b3690 Exception <a 'java/lang/NullPointerException'{0x00000000d5ea16f0}> (0x00000000d5ea16f0) 
thrown [s\src\hotspot\share\interpreter\linkResolver.cpp, line 1372]
Event: 9.538 Thread 0x000001e4638b3690 Exception <a 'java/lang/NullPointerException'{0x00000000d5ea2658}> (0x00000000d5ea2658) 
thrown [s\src\hotspot\share\interpreter\linkResolver.cpp, line 1372]
Event: 9.538 Thread 0x000001e4638b3690 Exception <a 'java/lang/NullPointerException'{0x00000000d5ea3188}> (0x00000000d5ea3188) 
thrown [s\src\hotspot\share\interpreter\linkResolver.cpp, line 1372]
Event: 9.541 Thread 0x000001e4638b3690 Exception <a 'java/lang/NullPointerException'{0x00000000d5ea3d40}> (0x00000000d5ea3d40) 
thrown [s\src\hotspot\share\interpreter\linkResolver.cpp, line 1372]
Event: 9.543 Thread 0x000001e4638b3690 Exception <a 'java/lang/NullPointerException'{0x00000000d5ea6358}> (0x00000000d5ea6358) 
thrown [s\src\hotspot\share\interpreter\linkResolver.cpp, line 1372]
Event: 9.543 Thread 0x000001e4638b3690 Exception <a 'java/lang/NullPointerException'{0x00000000d5ea72e0}> (0x00000000d5ea72e0) 
thrown [s\src\hotspot\share\interpreter\linkResolver.cpp, line 1372]
Event: 9.544 Thread 0x000001e4638b3690 Exception <a 'java/lang/NullPointerException'{0x00000000d5ea8500}> (0x00000000d5ea8500) 
thrown [s\src\hotspot\share\interpreter\linkResolver.cpp, line 1372]
Event: 9.544 Thread 0x000001e4638b3690 Exception <a 'java/lang/NullPointerException'{0x00000000d5ea8ea0}> (0x00000000d5ea8ea0) 
thrown [s\src\hotspot\share\interpreter\linkResolver.cpp, line 1372]
Event: 9.544 Thread 0x000001e4638b3690 Exception <a 'java/lang/NullPointerException'{0x00000000d5ea9b30}> (0x00000000d5ea9b30) 
thrown [s\src\hotspot\share\interpreter\linkResolver.cpp, line 1372]
Event: 9.544 Thread 0x000001e4638b3690 Exception <a 'java/lang/NullPointerException'{0x00000000d5eaa908}> (0x00000000d5eaa908) 
thrown [s\src\hotspot\share\interpreter\linkResolver.cpp, line 1372]
Event: 9.544 Thread 0x000001e4638b3690 Exception <a 'java/lang/NullPointerException'{0x00000000d5eab510}> (0x00000000d5eab510) 
thrown [s\src\hotspot\share\interpreter\linkResolver.cpp, line 1372]
Event: 9.544 Thread 0x000001e4638b3690 Exception <a 'java/lang/NullPointerException'{0x00000000d5eac178}> (0x00000000d5eac178) 
thrown [s\src\hotspot\share\interpreter\linkResolver.cpp, line 1372]
Event: 9.546 Thread 0x000001e4638b3690 Exception <a 'java/lang/NullPointerException'{0x00000000d5eade08}> (0x00000000d5eade08) 
thrown [s\src\hotspot\share\interpreter\linkResolver.cpp, line 1372]

ZGC Phase Switch (0 events):
No events

VM Operations (20 events):
Event: 8.922 Executing VM operation: ParallelGCFailedAllocation (Allocation Failure)
Event: 8.927 Executing VM operation: ParallelGCFailedAllocation (Allocation Failure) done
Event: 9.002 Executing VM operation: ParallelGCFailedAllocation (Allocation Failure)
Event: 9.002 Executing VM operation: ParallelGCFailedAllocation (Allocation Failure) done
Event: 9.164 Executing VM operation: HandshakeAllThreads (Deoptimize)
Event: 9.164 Executing VM operation: HandshakeAllThreads (Deoptimize) done
Event: 9.166 Executing VM operation: HandshakeAllThreads (Deoptimize)
Event: 9.166 Executing VM operation: HandshakeAllThreads (Deoptimize) done
Event: 9.354 Executing VM operation: ParallelGCFailedAllocation (Allocation Failure)
Event: 9.360 Executing VM operation: ParallelGCFailedAllocation (Allocation Failure) done
Event: 9.401 Executing VM operation: HandshakeAllThreads (Deoptimize)
Event: 9.402 Executing VM operation: HandshakeAllThreads (Deoptimize) done
Event: 9.413 Executing VM operation: HandshakeAllThreads (Deoptimize)
Event: 9.413 Executing VM operation: HandshakeAllThreads (Deoptimize) done
Event: 9.432 Executing VM operation: HandshakeAllThreads (Deoptimize)
Event: 9.432 Executing VM operation: HandshakeAllThreads (Deoptimize) done
Event: 9.469 Executing VM operation: HandshakeAllThreads (Deoptimize)
Event: 9.469 Executing VM operation: HandshakeAllThreads (Deoptimize) done
Event: 9.474 Executing VM operation: HandshakeAllThreads (Deoptimize)
Event: 9.474 Executing VM operation: HandshakeAllThreads (Deoptimize) done

Memory protections (0 events):
No events

Nmethod flushes (20 events):
Event: 5.294 Thread 0x000001e418391610 flushing  nmethod 0x000001e404b24190
Event: 5.294 Thread 0x000001e418391610 flushing  nmethod 0x000001e404b5a390
Event: 5.294 Thread 0x000001e418391610 flushing  nmethod 0x000001e404b5c810
Event: 5.294 Thread 0x000001e418391610 flushing  nmethod 0x000001e404b5d110
Event: 5.294 Thread 0x000001e418391610 flushing  nmethod 0x000001e404b5e310
Event: 5.294 Thread 0x000001e418391610 flushing  nmethod 0x000001e404b5eb10
Event: 5.294 Thread 0x000001e418391610 flushing  nmethod 0x000001e404b60810
Event: 5.294 Thread 0x000001e418391610 flushing  nmethod 0x000001e404b61110
Event: 5.294 Thread 0x000001e418391610 flushing  nmethod 0x000001e404b61c90
Event: 5.294 Thread 0x000001e418391610 flushing  nmethod 0x000001e404b62110
Event: 5.294 Thread 0x000001e418391610 flushing  nmethod 0x000001e404b64090
Event: 5.294 Thread 0x000001e418391610 flushing  nmethod 0x000001e404b64a10
Event: 5.294 Thread 0x000001e418391610 flushing  nmethod 0x000001e404b64f10
Event: 5.294 Thread 0x000001e418391610 flushing  nmethod 0x000001e404b65d90
Event: 5.294 Thread 0x000001e418391610 flushing  nmethod 0x000001e404b6f890
Event: 5.294 Thread 0x000001e418391610 flushing  nmethod 0x000001e404baa790
Event: 5.294 Thread 0x000001e418391610 flushing  nmethod 0x000001e404bab610
Event: 5.294 Thread 0x000001e418391610 flushing  nmethod 0x000001e404c2d990
Event: 5.294 Thread 0x000001e418391610 flushing  nmethod 0x000001e404c2e310
Event: 5.294 Thread 0x000001e418391610 flushing  nmethod 0x000001e404c52a10

Events (20 events):
Event: 4.861 Thread 0x000001e460146a00 Thread added: 0x000001e4638b08a0
Event: 4.904 Thread 0x000001e47fe6eb50 Thread added: 0x000001e4638b0210
Event: 4.905 Thread 0x000001e47fe6eb50 Thread added: 0x000001e4638adab0
Event: 4.907 Thread 0x000001e47fe6eb50 Thread added: 0x000001e4638b15c0
Event: 4.907 Thread 0x000001e47fe6eb50 Thread added: 0x000001e4638af4f0
Event: 4.908 Thread 0x000001e47fe6eb50 Thread added: 0x000001e4638afb80
Event: 4.909 Thread 0x000001e47fe6eb50 Thread added: 0x000001e4638b0f30
Event: 4.909 Thread 0x000001e47fe6eb50 Thread added: 0x000001e4638ae140
Event: 4.910 Thread 0x000001e47fe6eb50 Thread added: 0x000001e4638b1c50
Event: 4.910 Thread 0x000001e47fe6eb50 Thread added: 0x000001e4638aee60
Event: 4.952 Thread 0x000001e47fe6eb50 Thread added: 0x000001e4638ae7d0
Event: 5.466 Thread 0x000001e47fe6eb50 Thread added: 0x000001e4638b22e0
Event: 5.466 Thread 0x000001e47fe6eb50 Thread added: 0x000001e4638b2970
Event: 7.268 Thread 0x000001e460147090 Thread added: 0x000001e4638b3000
Event: 7.268 Thread 0x000001e4638b3000 Thread added: 0x000001e4638b3690
Event: 7.268 Thread 0x000001e4638b3690 Thread added: 0x000001e4638b4a40
Event: 9.270 Thread 0x000001e4638b3690 Thread added: 0x000001e4638b3d20
Event: 9.284 Thread 0x000001e4638b3d20 Thread added: 0x000001e4638b43b0
Event: 9.288 Thread 0x000001e460145650 Thread added: 0x000001e4638b50d0
Event: 9.288 Thread 0x000001e460145650 Thread added: 0x000001e461aced30


Dynamic libraries:
0x00007ff68eb90000 - 0x00007ff68eb9e000 	c:\Users\HP\.cursor\extensions\redhat.java-1.50.0-win32-x64\jre\21.0.9-win32-x86_64\bin\java.exe
0x00007ffa38740000 - 0x00007ffa389a7000 	C:\WINDOWS\SYSTEM32\ntdll.dll
0x00007ffa37610000 - 0x00007ffa376d9000 	C:\WINDOWS\System32\KERNEL32.DLL
0x00007ffa360e0000 - 0x00007ffa364cf000 	C:\WINDOWS\System32\KERNELBASE.dll
0x00007ffa35af0000 - 0x00007ffa35c3b000 	C:\WINDOWS\System32\ucrtbase.dll
0x00007ffa05620000 - 0x00007ffa05638000 	c:\Users\HP\.cursor\extensions\redhat.java-1.50.0-win32-x64\jre\21.0.9-win32-x86_64\bin\jli.dll
0x00007ffa38530000 - 0x00007ffa386f5000 	C:\WINDOWS\System32\USER32.dll
0x00007ffa03ff0000 - 0x00007ffa0400e000 	c:\Users\HP\.cursor\extensions\redhat.java-1.50.0-win32-x64\jre\21.0.9-win32-x86_64\bin\VCRUNTIME140.dll
0x00007ffa35950000 - 0x00007ffa35977000 	C:\WINDOWS\System32\win32u.dll
0x00007ffa383a0000 - 0x00007ffa383cb000 	C:\WINDOWS\System32\GDI32.dll
0x00007ffa35f20000 - 0x00007ffa3604c000 	C:\WINDOWS\System32\gdi32full.dll
0x00007ffa35e70000 - 0x00007ffa35f13000 	C:\WINDOWS\System32\msvcp_win.dll
0x00007ffa150d0000 - 0x00007ffa15363000 	C:\WINDOWS\WinSxS\amd64_microsoft.windows.common-controls_6595b64144ccf1df_6.0.26100.7309_none_3e05feeae336a044\COMCTL32.dll
0x00007ffa36800000 - 0x00007ffa368a9000 	C:\WINDOWS\System32\msvcrt.dll
0x00007ffa36e50000 - 0x00007ffa36e81000 	C:\WINDOWS\System32\IMM32.DLL
0x00007ffa1c510000 - 0x00007ffa1c51c000 	c:\Users\HP\.cursor\extensions\redhat.java-1.50.0-win32-x64\jre\21.0.9-win32-x86_64\bin\vcruntime140_1.dll
0x00007ff9cb020000 - 0x00007ff9cb0ad000 	c:\Users\HP\.cursor\extensions\redhat.java-1.50.0-win32-x64\jre\21.0.9-win32-x86_64\bin\msvcp140.dll
0x00007ff9626c0000 - 0x00007ff963460000 	c:\Users\HP\.cursor\extensions\redhat.java-1.50.0-win32-x64\jre\21.0.9-win32-x86_64\bin\server\jvm.dll
0x00007ffa36560000 - 0x00007ffa36614000 	C:\WINDOWS\System32\ADVAPI32.dll
0x00007ffa36940000 - 0x00007ffa369e6000 	C:\WINDOWS\System32\sechost.dll
0x00007ffa38280000 - 0x00007ffa38398000 	C:\WINDOWS\System32\RPCRT4.dll
0x00007ffa368b0000 - 0x00007ffa36924000 	C:\WINDOWS\System32\WS2_32.dll
0x00007ffa356f0000 - 0x00007ffa3574e000 	C:\WINDOWS\SYSTEM32\POWRPROF.dll
0x00007ffa29fd0000 - 0x00007ffa2a005000 	C:\WINDOWS\SYSTEM32\WINMM.dll
0x00007ffa24ce0000 - 0x00007ffa24ceb000 	C:\WINDOWS\SYSTEM32\VERSION.dll
0x00007ffa356d0000 - 0x00007ffa356e4000 	C:\WINDOWS\SYSTEM32\UMPDC.dll
0x00007ffa34640000 - 0x00007ffa3465b000 	C:\WINDOWS\SYSTEM32\kernel.appcore.dll
0x00007ffa1bfd0000 - 0x00007ffa1bfda000 	c:\Users\HP\.cursor\extensions\redhat.java-1.50.0-win32-x64\jre\21.0.9-win32-x86_64\bin\jimage.dll
0x00007ffa32f90000 - 0x00007ffa331d2000 	C:\WINDOWS\SYSTEM32\DBGHELP.DLL
0x00007ffa37770000 - 0x00007ffa37af5000 	C:\WINDOWS\System32\combase.dll
0x00007ffa36cf0000 - 0x00007ffa36dc6000 	C:\WINDOWS\System32\OLEAUT32.dll
0x00007ffa11fe0000 - 0x00007ffa1201c000 	C:\WINDOWS\SYSTEM32\dbgcore.DLL
0x00007ffa35c40000 - 0x00007ffa35ce5000 	C:\WINDOWS\System32\bcryptPrimitives.dll
0x00007ffa15790000 - 0x00007ffa1579f000 	c:\Users\HP\.cursor\extensions\redhat.java-1.50.0-win32-x64\jre\21.0.9-win32-x86_64\bin\instrument.dll
0x00007ff9fec80000 - 0x00007ff9feca0000 	c:\Users\HP\.cursor\extensions\redhat.java-1.50.0-win32-x64\jre\21.0.9-win32-x86_64\bin\java.dll
0x00007ffa36ea0000 - 0x00007ffa375f3000 	C:\WINDOWS\System32\SHELL32.dll
0x00007ffa35980000 - 0x00007ffa35aea000 	C:\WINDOWS\System32\wintypes.dll
0x00007ffa33460000 - 0x00007ffa33cbe000 	C:\WINDOWS\SYSTEM32\windows.storage.dll
0x00007ffa36bf0000 - 0x00007ffa36ce5000 	C:\WINDOWS\System32\SHCORE.dll
0x00007ffa38400000 - 0x00007ffa38466000 	C:\WINDOWS\System32\shlwapi.dll
0x00007ffa357b0000 - 0x00007ffa357d9000 	C:\WINDOWS\SYSTEM32\profapi.dll
0x00007ff9fec60000 - 0x00007ff9fec78000 	c:\Users\HP\.cursor\extensions\redhat.java-1.50.0-win32-x64\jre\21.0.9-win32-x86_64\bin\zip.dll
0x00007ffa15370000 - 0x00007ffa15380000 	C:\Users\HP\.cursor\extensions\redhat.java-1.50.0-win32-x64\jre\21.0.9-win32-x86_64\bin\net.dll
0x00007ffa24d00000 - 0x00007ffa24e28000 	C:\WINDOWS\SYSTEM32\WINHTTP.dll
0x00007ffa34bb0000 - 0x00007ffa34c1b000 	C:\WINDOWS\system32\mswsock.dll
0x00007ff9fe8e0000 - 0x00007ff9fe8f6000 	C:\Users\HP\.cursor\extensions\redhat.java-1.50.0-win32-x64\jre\21.0.9-win32-x86_64\bin\nio.dll
0x00007ffa14a80000 - 0x00007ffa14a90000 	c:\Users\HP\.cursor\extensions\redhat.java-1.50.0-win32-x64\jre\21.0.9-win32-x86_64\bin\verify.dll
0x00007ff9e8750000 - 0x00007ff9e8794000 	C:\Users\HP\AppData\Roaming\Cursor\User\globalStorage\redhat.java\1.50.0\config_win\org.eclipse.equinox.launcher\org.eclipse.equinox.launcher.win32.win32.x86_64_1.2.1400.v20250801-0854\eclipse_11916.dll
0x00007ffa37b50000 - 0x00007ffa37ce7000 	C:\WINDOWS\System32\ole32.dll
0x00007ffa34e70000 - 0x00007ffa34e8b000 	C:\WINDOWS\SYSTEM32\CRYPTSP.dll
0x00007ffa345a0000 - 0x00007ffa345da000 	C:\WINDOWS\system32\rsaenh.dll
0x00007ffa34c60000 - 0x00007ffa34c8b000 	C:\WINDOWS\SYSTEM32\USERENV.dll
0x00007ffa35780000 - 0x00007ffa357aa000 	C:\WINDOWS\SYSTEM32\bcrypt.dll
0x00007ffa34e90000 - 0x00007ffa34e9c000 	C:\WINDOWS\SYSTEM32\CRYPTBASE.dll
0x00007ffa34050000 - 0x00007ffa34084000 	C:\WINDOWS\SYSTEM32\IPHLPAPI.DLL
0x00007ffa36930000 - 0x00007ffa3693a000 	C:\WINDOWS\System32\NSI.dll
0x00007ff9cafd0000 - 0x00007ff9cb019000 	C:\Users\HP\AppData\Local\Temp\jna-2312\jna17317267652488947760.dll
0x00007ffa36e90000 - 0x00007ffa36e98000 	C:\WINDOWS\System32\PSAPI.DLL
0x00007ffa2c9f0000 - 0x00007ffa2ca0e000 	C:\WINDOWS\SYSTEM32\dhcpcsvc6.DLL
0x00007ffa2c960000 - 0x00007ffa2c983000 	C:\WINDOWS\SYSTEM32\dhcpcsvc.DLL

JVMTI agents:
c:\Users\HP\.cursor\extensions\redhat.java-1.50.0-win32-x64\lombok\lombok-1.18.39-4050.jar path:c:\Users\HP\.cursor\extensions\redhat.java-1.50.0-win32-x64\jre\21.0.9-win32-x86_64\bin\instrument.dll, loaded, initialized, instrumentlib options:none

dbghelp: loaded successfully - version: 4.0.5 - missing functions: none
symbol engine: initialized successfully - sym options: 0x614 - pdb path: .;c:\Users\HP\.cursor\extensions\redhat.java-1.50.0-win32-x64\jre\21.0.9-win32-x86_64\bin;C:\WINDOWS\SYSTEM32;C:\WINDOWS\WinSxS\amd64_microsoft.windows.common-controls_6595b64144ccf1df_6.0.26100.7309_none_3e05feeae336a044;c:\Users\HP\.cursor\extensions\redhat.java-1.50.0-win32-x64\jre\21.0.9-win32-x86_64\bin\server;C:\Users\HP\AppData\Roaming\Cursor\User\globalStorage\redhat.java\1.50.0\config_win\org.eclipse.equinox.launcher\org.eclipse.equinox.launcher.win32.win32.x86_64_1.2.1400.v20250801-0854;C:\Users\HP\AppData\Local\Temp\jna-2312

VM Arguments:
jvm_args: --add-modules=ALL-SYSTEM --add-opens=java.base/java.util=ALL-UNNAMED --add-opens=java.base/java.lang=ALL-UNNAMED --add-opens=java.base/sun.nio.fs=ALL-UNNAMED -Declipse.application=org.eclipse.jdt.ls.core.id1 -Dosgi.bundles.defaultStartLevel=4 -Declipse.product=org.eclipse.jdt.ls.core.product -Djava.import.generatesMetadataFilesAtProjectRoot=false -DDetectVMInstallationsJob.disabled=true -Dfile.encoding=utf8 -XX:+UseParallelGC -XX:GCTimeRatio=4 -XX:AdaptiveSizePolicyWeight=90 -Dsun.zip.disableMemoryMapping=true -Xmx2G -Xms100m -Xlog:disable -javaagent:c:\Users\HP\.cursor\extensions\redhat.java-1.50.0-win32-x64\lombok\lombok-1.18.39-4050.jar -XX:+HeapDumpOnOutOfMemoryError -XX:HeapDumpPath=c:\Users\HP\AppData\Roaming\Cursor\User\workspaceStorage\d0dc63e4088e6af3d588be324acc8c03\redhat.java -Daether.dependencyCollector.impl=bf 
java_command: c:\Users\HP\.cursor\extensions\redhat.java-1.50.0-win32-x64\server\plugins\org.eclipse.equinox.launcher_1.7.100.v20251111-0406.jar -configuration c:\Users\HP\AppData\Roaming\Cursor\User\globalStorage\redhat.java\1.50.0\config_win -data c:\Users\HP\AppData\Roaming\Cursor\User\workspaceStorage\d0dc63e4088e6af3d588be324acc8c03\redhat.java\jdt_ws --pipe=\\.\pipe\lsp-835cf502fa54c3ef1de52fbd51461119-sock
java_class_path (initial): c:\Users\HP\.cursor\extensions\redhat.java-1.50.0-win32-x64\server\plugins\org.eclipse.equinox.launcher_1.7.100.v20251111-0406.jar
Launcher Type: SUN_STANDARD

[Global flags]
    uintx AdaptiveSizePolicyWeight                 = 90                                        {product} {command line}
     intx CICompilerCount                          = 4                                         {product} {ergonomic}
    uintx GCTimeRatio                              = 4                                         {product} {command line}
     bool HeapDumpOnOutOfMemoryError               = true                                   {manageable} {command line}
    ccstr HeapDumpPath                             = c:\Users\HP\AppData\Roaming\Cursor\User\workspaceStorage\d0dc63e4088e6af3d588be324acc8c03\redhat.java         {manageable} {command line}
   size_t InitialHeapSize                          = 104857600                                 {product} {command line}
   size_t MaxHeapSize                              = 2147483648                                {product} {command line}
   size_t MaxNewSize                               = 715653120                                 {product} {ergonomic}
   size_t MinHeapDeltaBytes                        = 524288                                    {product} {ergonomic}
   size_t MinHeapSize                              = 104857600                                 {product} {command line}
   size_t NewSize                                  = 34603008                                  {product} {ergonomic}
    uintx NonNMethodCodeHeapSize                   = 5839372                                {pd product} {ergonomic}
    uintx NonProfiledCodeHeapSize                  = 122909434                              {pd product} {ergonomic}
   size_t OldSize                                  = 70254592                                  {product} {ergonomic}
    uintx ProfiledCodeHeapSize                     = 122909434                              {pd product} {ergonomic}
    uintx ReservedCodeCacheSize                    = 251658240                              {pd product} {ergonomic}
     bool SegmentedCodeCache                       = true                                      {product} {ergonomic}
   size_t SoftMaxHeapSize                          = 2147483648                             {manageable} {ergonomic}
     bool UseCompressedOops                        = true                           {product lp64_product} {ergonomic}
     bool UseLargePagesIndividualAllocation        = false                                  {pd product} {ergonomic}
     bool UseParallelGC                            = true                                      {product} {command line}

Logging:
Log output configuration:
 #0: stdout all=off uptime,level,tags foldmultilines=false
 #1: stderr all=off uptime,level,tags foldmultilines=false

Release file:
JAVA_VERSION="21.0.9" 
MODULES="java.base java.compiler java.datatransfer java.xml java.prefs java.desktop java.instrument java.logging java.management java.security.sasl java.naming java.rmi java.management.rmi java.net.http java.scripting java.security.jgss java.transaction.xa java.sql java.sql.rowset java.xml.crypto java.se java.smartcardio jdk.accessibility jdk.internal.jvmstat jdk.attach jdk.charsets jdk.internal.opt jdk.zipfs jdk.compiler jdk.crypto.ec jdk.crypto.cryptoki jdk.crypto.mscapi jdk.dynalink jdk.internal.ed jdk.editpad jdk.hotspot.agent jdk.httpserver jdk.internal.le jdk.internal.vm.ci jdk.internal.vm.compiler jdk.internal.vm.compiler.management jdk.jartool jdk.javadoc jdk.jcmd jdk.management jdk.management.agent jdk.jconsole jdk.jdeps jdk.jdwp.agent jdk.jdi jdk.jfr jdk.jshell jdk.jsobject jdk.jstatd jdk.localedata jdk.management.jfr jdk.naming.dns jdk.naming.rmi jdk.net jdk.nio.mapmode jdk.random jdk.sctp jdk.security.auth jdk.security.jgss jdk.unsupported jdk.unsupported.desktop jdk.xml.dom" 

Environment Variables:
JAVA_HOME=C:\Program Files\Amazon Corretto\jdk21.0.6_7
PATH=C:\Program Files\Eclipse Adoptium\jdk-21.0.6.7-hotspot\bin;C:\Program Files\Amazon Corretto\jdk21.0.6_7\bin;C:\Program Files\Eclipse Adoptium\jdk-11.0.26.4-hotspot\bin;C:\Program Files\Amazon Corretto\jdk11.0.26_4\bin;C:\Program Files\Eclipse Adoptium\jdk-17.0.14.7-hotspot\bin;C:\Program Files\Amazon Corretto\jdk17.0.14_7\bin;C:\Program Files\Amazon Corretto\jdk1.8.0_442\bin;C:\Program Files (x86)\Amazon Corretto\jdk1.8.0_442\bin;C:\Program Files (x86)\Eclipse Adoptium\jdk-8.0.432.6-hotspot\bin;C:\Program Files\Eclipse Adoptium\jdk-8.0.442.6-hotspot\bin;C:\Program Files\Eclipse Adoptium\jre-21.0.6.7-hotspot\bin;C:\Program Files\Eclipse Adoptium\jre-8.0.442.6-hotspot\bin;C:\Program Files\Eclipse Adoptium\jre-17.0.14.7-hotspot\bin;C:\Program Files\Eclipse Adoptium\jre-11.0.26.4-hotspot\bin;C:\Program Files (x86)\Eclipse Adoptium\jre-8.0.432.6-hotspot\bin;C:\Program Files\Python313\Scripts\;C:\Program Files\Python313\;C:\WINDOWS\system32;C:\WINDOWS;C:\WINDOWS\System32\Wbem;C:\WINDOWS\System32\WindowsPowerShell\v1.0\;C:\WINDOWS\System32\OpenSSH\;C:\Program Files\HP\HP One Agent;C:\Program Files (x86)\dotnet\;C:\Program Files\dotnet\;C:\Program Files\Docker\Docker\resources\bin;C:\WINDOWS\system32;C:\WINDOWS;C:\WINDOWS\System32\Wbem;C:\WINDOWS\System32\WindowsPowerShell\v1.0\;C:\WINDOWS\System32\OpenSSH\;C:\Program Files (x86)\Gpg4win\..\GnuPG\bin;C:\Program Files\cursor\resources\app\bin;C:\Program Files\Git\cmd;C:\Users\HP\AppData\Local\Programs\Microsoft VS Code\bin;C:\Program Files (x86)\Nmap;C:\Program Files\Eclipse Adoptium\jdk-21.0.6.7-hotspot\bin;C:\msys64\ucrt64\x86_64-w64-mingw32\bin;
USERNAME=HP
OS=Windows_NT
PROCESSOR_IDENTIFIER=Intel64 Family 6 Model 140 Stepping 1, GenuineIntel
TMP=C:\Users\HP\AppData\Local\Temp
TEMP=C:\Users\HP\AppData\Local\Temp




Periodic native trim disabled

---------------  S Y S T E M  ---------------

OS:
 Windows 11 , 64 bit Build 26100 (10.0.26100.7309)
OS uptime: 0 days 6:14 hours
Hyper-V role detected

CPU: total 8 (initial active 8) (4 cores per cpu, 2 threads per core) family 6 model 140 stepping 1 microcode 0xb4, cx8, cmov, fxsr, ht, mmx, 3dnowpref, sse, sse2, sse3, ssse3, sse4.1, sse4.2, popcnt, lzcnt, tsc, tscinvbit, avx, avx2, aes, erms, clmul, bmi1, bmi2, adx, avx512f, avx512dq, avx512cd, avx512bw, avx512vl, sha, fma, vzeroupper, avx512_vpopcntdq, avx512_vpclmulqdq, avx512_vaes, avx512_vnni, clflush, clflushopt, clwb, avx512_vbmi2, avx512_vbmi, hv, rdtscp, rdpid, fsrm, gfni, avx512_bitalg, f16c, cet_ibt, cet_ss, avx512_ifma
Processor Information for the first 8 processors :
  Max Mhz: 2401, Current Mhz: 2400, Mhz Limit: 2376

Memory: 4k page, system-wide physical 20122M (587M free)
TotalPageFile size 35524M (AvailPageFile size 0M)
current process WorkingSet (physical memory assigned to process): 274M, peak: 282M
current process commit charge ("private bytes"): 375M, peak: 383M

vm_info: OpenJDK 64-Bit Server VM (21.0.9+10-LTS) for windows-amd64 JRE (21.0.9+10-LTS), built on 2025-10-21T00:00:00Z by "admin" with unknown MS VC++:1942

END.
